# JRE version: OpenJDK Runtime Environment Temurin-21.0.8+9 (21.0.8+9) (build 21.0.8+9-LTS)
# Java VM: OpenJDK 64-Bit Server VM Temurin-21.0.8+9 (21.0.8+9-LTS, mixed mode, sharing, tiered, compressed oops, compressed class ptrs, parallel gc, windows-amd64)
GC Precious Log:
 CardTable entry size: 512
 CPUs: 8 total, 8 available
 Memory: 11972M
 Large Page Support: Disabled
 NUMA Support: Disabled
 Compressed Oops: Enabled (32-bit)
 Alignments: Space 512K, Generation 512K, Heap 2M
 Heap Min Capacity: 100M
 Heap Initial Capacity: 100M
 Heap Max Capacity: 2G
 Pre-touch: Disabled
 Parallel Workers: 8
Heap:
 PSYoungGen      total 5632K, used 4577K [0x00000000d5580000, 0x00000000d6180000, 0x0000000100000000)
  eden space 5120K, 79% used [0x00000000d5580000,0x00000000d59785e8,0x00000000d5a80000)
  from space 512K, 100% used [0x00000000d6080000,0x00000000d6100000,0x00000000d6100000)
  to   space 512K, 0% used [0x00000000d6100000,0x00000000d6100000,0x00000000d6180000)
 ParOldGen       total 704512K, used 704436K [0x0000000080000000, 0x00000000ab000000, 0x00000000d5580000)
  object space 704512K, 99% used [0x0000000080000000,0x00000000aafed1c0,0x00000000ab000000)
 Metaspace       used 67088K, committed 68608K, reserved 1114112K
  class space    used 6935K, committed 7616K, reserved 1048576K
GC Heap History (20 events):
Event: 20.480 GC heap before
{Heap before GC invocations=799 (full 3):
 PSYoungGen      total 6656K, used 6632K [0x00000000d5580000, 0x00000000d6580000, 0x0000000100000000)
  eden space 5120K, 100% used [0x00000000d5580000,0x00000000d5a80000,0x00000000d5a80000)
  from space 1536K, 98% used [0x00000000d5a80000,0x00000000d5bfa380,0x00000000d5c00000)
  to   space 5120K, 0% used [0x00000000d6080000,0x00000000d6080000,0x00000000d6580000)
 ParOldGen       total 686080K, used 685995K [0x0000000080000000, 0x00000000a9e00000, 0x00000000d5580000)
  object space 686080K, 99% used [0x0000000080000000,0x00000000a9dead10,0x00000000a9e00000)
 Metaspace       used 66369K, committed 67968K, reserved 1114112K
  class space    used 6873K, committed 7616K, reserved 1048576K
}
Event: 20.483 GC heap after
{Heap after GC invocations=799 (full 3):
 PSYoungGen      total 8192K, used 2761K [0x00000000d5580000, 0x00000000d6380000, 0x0000000100000000)
  eden space 5120K, 0% used [0x00000000d5580000,0x00000000d5580000,0x00000000d5a80000)
  from space 3072K, 89% used [0x00000000d6080000,0x00000000d6332470,0x00000000d6380000)
  to   space 3584K, 0% used [0x00000000d5c80000,0x00000000d5c80000,0x00000000d6000000)
 ParOldGen       total 686592K, used 686508K [0x0000000080000000, 0x00000000a9e80000, 0x00000000d5580000)
  object space 686592K, 99% used [0x0000000080000000,0x00000000a9e6b118,0x00000000a9e80000)
 Metaspace       used 66369K, committed 67968K, reserved 1114112K
  class space    used 6873K, committed 7616K, reserved 1048576K
}
Event: 20.499 GC heap before
{Heap before GC invocations=800 (full 3):
 PSYoungGen      total 8192K, used 7881K [0x00000000d5580000, 0x00000000d6380000, 0x0000000100000000)
  eden space 5120K, 100% used [0x00000000d5580000,0x00000000d5a80000,0x00000000d5a80000)
  from space 3072K, 89% used [0x00000000d6080000,0x00000000d6332470,0x00000000d6380000)
  to   space 3584K, 0% used [0x00000000d5c80000,0x00000000d5c80000,0x00000000d6000000)
 ParOldGen       total 686592K, used 686508K [0x0000000080000000, 0x00000000a9e80000, 0x00000000d5580000)
  object space 686592K, 99% used [0x0000000080000000,0x00000000a9e6b118,0x00000000a9e80000)
 Metaspace       used 66369K, committed 67968K, reserved 1114112K
  class space    used 6873K, committed 7616K, reserved 1048576K
}
Event: 20.502 GC heap after
{Heap after GC invocations=800 (full 3):
 PSYoungGen      total 7680K, used 2280K [0x00000000d5580000, 0x00000000d6100000, 0x0000000100000000)
  eden space 5120K, 0% used [0x00000000d5580000,0x00000000d5580000,0x00000000d5a80000)
  from space 2560K, 89% used [0x00000000d5c80000,0x00000000d5eba348,0x00000000d5f00000)
  to   space 2048K, 0% used [0x00000000d5f00000,0x00000000d5f00000,0x00000000d6100000)
 ParOldGen       total 688640K, used 688508K [0x0000000080000000, 0x00000000aa080000, 0x00000000d5580000)
  object space 688640K, 99% used [0x0000000080000000,0x00000000aa05f090,0x00000000aa080000)
 Metaspace       used 66369K, committed 67968K, reserved 1114112K
  class space    used 6873K, committed 7616K, reserved 1048576K
}
Event: 20.525 GC heap before
{Heap before GC invocations=801 (full 3):
 PSYoungGen      total 7680K, used 7400K [0x00000000d5580000, 0x00000000d6100000, 0x0000000100000000)
  eden space 5120K, 100% used [0x00000000d5580000,0x00000000d5a80000,0x00000000d5a80000)
  from space 2560K, 89% used [0x00000000d5c80000,0x00000000d5eba348,0x00000000d5f00000)
  to   space 2048K, 0% used [0x00000000d5f00000,0x00000000d5f00000,0x00000000d6100000)
 ParOldGen       total 688640K, used 688508K [0x0000000080000000, 0x00000000aa080000, 0x00000000d5580000)
  object space 688640K, 99% used [0x0000000080000000,0x00000000aa05f090,0x00000000aa080000)
 Metaspace       used 66369K, committed 67968K, reserved 1114112K
  class space    used 6873K, committed 7616K, reserved 1048576K
}
Event: 20.528 GC heap after
{Heap after GC invocations=801 (full 3):
 PSYoungGen      total 7168K, used 2016K [0x00000000d5580000, 0x00000000d6380000, 0x0000000100000000)
  eden space 5120K, 0% used [0x00000000d5580000,0x00000000d5580000,0x00000000d5a80000)
  from space 2048K, 98% used [0x00000000d5f00000,0x00000000d60f8008,0x00000000d6100000)
  to   space 4608K, 0% used [0x00000000d5a80000,0x00000000d5a80000,0x00000000d5f00000)
 ParOldGen       total 690688K, used 690443K [0x0000000080000000, 0x00000000aa280000, 0x00000000d5580000)
  object space 690688K, 99% used [0x0000000080000000,0x00000000aa242ed0,0x00000000aa280000)
 Metaspace       used 66369K, committed 67968K, reserved 1114112K
  class space    used 6873K, committed 7616K, reserved 1048576K
}
Event: 20.543 GC heap before
{Heap before GC invocations=802 (full 3):
 PSYoungGen      total 7168K, used 7136K [0x00000000d5580000, 0x00000000d6380000, 0x0000000100000000)
  eden space 5120K, 100% used [0x00000000d5580000,0x00000000d5a80000,0x00000000d5a80000)
  from space 2048K, 98% used [0x00000000d5f00000,0x00000000d60f8008,0x00000000d6100000)
  to   space 4608K, 0% used [0x00000000d5a80000,0x00000000d5a80000,0x00000000d5f00000)
 ParOldGen       total 690688K, used 690443K [0x0000000080000000, 0x00000000aa280000, 0x00000000d5580000)
  object space 690688K, 99% used [0x0000000080000000,0x00000000aa242ed0,0x00000000aa280000)
 Metaspace       used 66369K, committed 67968K, reserved 1114112K
  class space    used 6873K, committed 7616K, reserved 1048576K
}
Event: 20.546 GC heap after
{Heap after GC invocations=802 (full 3):
 PSYoungGen      total 6656K, used 1522K [0x00000000d5580000, 0x00000000d5f80000, 0x0000000100000000)
  eden space 5120K, 0% used [0x00000000d5580000,0x00000000d5580000,0x00000000d5a80000)
  from space 1536K, 99% used [0x00000000d5a80000,0x00000000d5bfc808,0x00000000d5c00000)
  to   space 2560K, 0% used [0x00000000d5d00000,0x00000000d5d00000,0x00000000d5f80000)
 ParOldGen       total 692736K, used 692376K [0x0000000080000000, 0x00000000aa480000, 0x00000000d5580000)
  object space 692736K, 99% used [0x0000000080000000,0x00000000aa426220,0x00000000aa480000)
 Metaspace       used 66369K, committed 67968K, reserved 1114112K
  class space    used 6873K, committed 7616K, reserved 1048576K
}
Event: 20.563 GC heap before
{Heap before GC invocations=803 (full 3):
 PSYoungGen      total 6656K, used 6642K [0x00000000d5580000, 0x00000000d5f80000, 0x0000000100000000)
  eden space 5120K, 100% used [0x00000000d5580000,0x00000000d5a80000,0x00000000d5a80000)
  from space 1536K, 99% used [0x00000000d5a80000,0x00000000d5bfc808,0x00000000d5c00000)
  to   space 2560K, 0% used [0x00000000d5d00000,0x00000000d5d00000,0x00000000d5f80000)
 ParOldGen       total 692736K, used 692376K [0x0000000080000000, 0x00000000aa480000, 0x00000000d5580000)
  object space 692736K, 99% used [0x0000000080000000,0x00000000aa426220,0x00000000aa480000)
 Metaspace       used 66399K, committed 67968K, reserved 1114112K
  class space    used 6881K, committed 7616K, reserved 1048576K
}
Event: 20.566 GC heap after
{Heap after GC invocations=803 (full 3):
 PSYoungGen      total 7680K, used 2015K [0x00000000d5580000, 0x00000000d5f80000, 0x0000000100000000)
  eden space 5120K, 0% used [0x00000000d5580000,0x00000000d5580000,0x00000000d5a80000)
  from space 2560K, 78% used [0x00000000d5d00000,0x00000000d5ef7e58,0x00000000d5f80000)
  to   space 2560K, 0% used [0x00000000d5a80000,0x00000000d5a80000,0x00000000d5d00000)
 ParOldGen       total 694272K, used 693819K [0x0000000080000000, 0x00000000aa600000, 0x00000000d5580000)
  object space 694272K, 99% used [0x0000000080000000,0x00000000aa58ecb8,0x00000000aa600000)
 Metaspace       used 66399K, committed 67968K, reserved 1114112K
  class space    used 6881K, committed 7616K, reserved 1048576K
}
Event: 20.596 GC heap before
{Heap before GC invocations=804 (full 3):
 PSYoungGen      total 7680K, used 7135K [0x00000000d5580000, 0x00000000d5f80000, 0x0000000100000000)
  eden space 5120K, 100% used [0x00000000d5580000,0x00000000d5a80000,0x00000000d5a80000)
  from space 2560K, 78% used [0x00000000d5d00000,0x00000000d5ef7e58,0x00000000d5f80000)
  to   space 2560K, 0% used [0x00000000d5a80000,0x00000000d5a80000,0x00000000d5d00000)
 ParOldGen       total 694272K, used 693819K [0x0000000080000000, 0x00000000aa600000, 0x00000000d5580000)
  object space 694272K, 99% used [0x0000000080000000,0x00000000aa58ecb8,0x00000000aa600000)
 Metaspace       used 66399K, committed 67968K, reserved 1114112K
  class space    used 6881K, committed 7616K, reserved 1048576K
}
Event: 20.601 GC heap after
{Heap after GC invocations=804 (full 3):
 PSYoungGen      total 7680K, used 2555K [0x00000000d5580000, 0x00000000d6a80000, 0x0000000100000000)
  eden space 5120K, 0% used [0x00000000d5580000,0x00000000d5580000,0x00000000d5a80000)
  from space 2560K, 99% used [0x00000000d5a80000,0x00000000d5cfeec0,0x00000000d5d00000)
  to   space 8192K, 0% used [0x00000000d6280000,0x00000000d6280000,0x00000000d6a80000)
 ParOldGen       total 698368K, used 698122K [0x0000000080000000, 0x00000000aaa00000, 0x00000000d5580000)
  object space 698368K, 99% used [0x0000000080000000,0x00000000aa9c2bb8,0x00000000aaa00000)
 Metaspace       used 66399K, committed 67968K, reserved 1114112K
  class space    used 6881K, committed 7616K, reserved 1048576K
}
Event: 20.624 GC heap before
{Heap before GC invocations=805 (full 3):
 PSYoungGen      total 7680K, used 7641K [0x00000000d5580000, 0x00000000d6a80000, 0x0000000100000000)
  eden space 5120K, 99% used [0x00000000d5580000,0x00000000d5a77600,0x00000000d5a80000)
  from space 2560K, 99% used [0x00000000d5a80000,0x00000000d5cfeec0,0x00000000d5d00000)
  to   space 8192K, 0% used [0x00000000d6280000,0x00000000d6280000,0x00000000d6a80000)
 ParOldGen       total 698368K, used 698122K [0x0000000080000000, 0x00000000aaa00000, 0x00000000d5580000)
  object space 698368K, 99% used [0x0000000080000000,0x00000000aa9c2bb8,0x00000000aaa00000)
 Metaspace       used 66481K, committed 68032K, reserved 1114112K
  class space    used 6890K, committed 7616K, reserved 1048576K
}
Event: 20.628 GC heap after
{Heap after GC invocations=805 (full 3):
 PSYoungGen      total 8704K, used 3568K [0x00000000d5580000, 0x00000000d6600000, 0x0000000100000000)
  eden space 5120K, 0% used [0x00000000d5580000,0x00000000d5580000,0x00000000d5a80000)
  from space 3584K, 99% used [0x00000000d6280000,0x00000000d65fc030,0x00000000d6600000)
  to   space 5120K, 0% used [0x00000000d5c00000,0x00000000d5c00000,0x00000000d6100000)
 ParOldGen       total 700928K, used 700725K [0x0000000080000000, 0x00000000aac80000, 0x00000000d5580000)
  object space 700928K, 99% used [0x0000000080000000,0x00000000aac4d518,0x00000000aac80000)
 Metaspace       used 66481K, committed 68032K, reserved 1114112K
  class space    used 6890K, committed 7616K, reserved 1048576K
}
Event: 20.643 GC heap before
{Heap before GC invocations=806 (full 3):
 PSYoungGen      total 8704K, used 8688K [0x00000000d5580000, 0x00000000d6600000, 0x0000000100000000)
  eden space 5120K, 100% used [0x00000000d5580000,0x00000000d5a80000,0x00000000d5a80000)
  from space 3584K, 99% used [0x00000000d6280000,0x00000000d65fc030,0x00000000d6600000)
  to   space 5120K, 0% used [0x00000000d5c00000,0x00000000d5c00000,0x00000000d6100000)
 ParOldGen       total 700928K, used 700725K [0x0000000080000000, 0x00000000aac80000, 0x00000000d5580000)
  object space 700928K, 99% used [0x0000000080000000,0x00000000aac4d518,0x00000000aac80000)
 Metaspace       used 66488K, committed 68032K, reserved 1114112K
  class space    used 6890K, committed 7616K, reserved 1048576K
}
Event: 20.647 GC heap after
{Heap after GC invocations=806 (full 3):
 PSYoungGen      total 10240K, used 96K [0x00000000d5580000, 0x00000000d6300000, 0x0000000100000000)
  eden space 5120K, 0% used [0x00000000d5580000,0x00000000d5580000,0x00000000d5a80000)
  from space 5120K, 1% used [0x00000000d5c00000,0x00000000d5c18000,0x00000000d6100000)
  to   space 2048K, 0% used [0x00000000d6100000,0x00000000d6100000,0x00000000d6300000)
 ParOldGen       total 704512K, used 704252K [0x0000000080000000, 0x00000000ab000000, 0x00000000d5580000)
  object space 704512K, 99% used [0x0000000080000000,0x00000000aafbf1b0,0x00000000ab000000)
 Metaspace       used 66488K, committed 68032K, reserved 1114112K
  class space    used 6890K, committed 7616K, reserved 1048576K
}
Event: 20.778 GC heap before
{Heap before GC invocations=807 (full 3):
 PSYoungGen      total 10240K, used 5216K [0x00000000d5580000, 0x00000000d6300000, 0x0000000100000000)
  eden space 5120K, 100% used [0x00000000d5580000,0x00000000d5a80000,0x00000000d5a80000)
  from space 5120K, 1% used [0x00000000d5c00000,0x00000000d5c18000,0x00000000d6100000)
  to   space 2048K, 0% used [0x00000000d6100000,0x00000000d6100000,0x00000000d6300000)
 ParOldGen       total 704512K, used 704252K [0x0000000080000000, 0x00000000ab000000, 0x00000000d5580000)
  object space 704512K, 99% used [0x0000000080000000,0x00000000aafbf1b0,0x00000000ab000000)
 Metaspace       used 66505K, committed 68096K, reserved 1114112K
  class space    used 6890K, committed 7616K, reserved 1048576K
}
Event: 20.780 GC heap after
{Heap after GC invocations=807 (full 3):
 PSYoungGen      total 5632K, used 256K [0x00000000d5580000, 0x00000000d6180000, 0x0000000100000000)
  eden space 5120K, 0% used [0x00000000d5580000,0x00000000d5580000,0x00000000d5a80000)
  from space 512K, 50% used [0x00000000d6100000,0x00000000d6140000,0x00000000d6180000)
  to   space 512K, 0% used [0x00000000d6080000,0x00000000d6080000,0x00000000d6100000)
 ParOldGen       total 704512K, used 704292K [0x0000000080000000, 0x00000000ab000000, 0x00000000d5580000)
  object space 704512K, 99% used [0x0000000080000000,0x00000000aafc91b0,0x00000000ab000000)
 Metaspace       used 66505K, committed 68096K, reserved 1114112K
  class space    used 6890K, committed 7616K, reserved 1048576K
}
Event: 325.276 GC heap before
{Heap before GC invocations=808 (full 3):
 PSYoungGen      total 5632K, used 5376K [0x00000000d5580000, 0x00000000d6180000, 0x0000000100000000)
  eden space 5120K, 100% used [0x00000000d5580000,0x00000000d5a80000,0x00000000d5a80000)
  from space 512K, 50% used [0x00000000d6100000,0x00000000d6140000,0x00000000d6180000)
  to   space 512K, 0% used [0x00000000d6080000,0x00000000d6080000,0x00000000d6100000)
 ParOldGen       total 704512K, used 704292K [0x0000000080000000, 0x00000000ab000000, 0x00000000d5580000)
  object space 704512K, 99% used [0x0000000080000000,0x00000000aafc91b0,0x00000000ab000000)
 Metaspace       used 66899K, committed 68480K, reserved 1114112K
  class space    used 6922K, committed 7616K, reserved 1048576K
}
Event: 325.283 GC heap after
{Heap after GC invocations=808 (full 3):
 PSYoungGen      total 5632K, used 512K [0x00000000d5580000, 0x00000000d6180000, 0x0000000100000000)
  eden space 5120K, 0% used [0x00000000d5580000,0x00000000d5580000,0x00000000d5a80000)
  from space 512K, 100% used [0x00000000d6080000,0x00000000d6100000,0x00000000d6100000)
  to   space 512K, 0% used [0x00000000d6100000,0x00000000d6100000,0x00000000d6180000)
 ParOldGen       total 704512K, used 704436K [0x0000000080000000, 0x00000000ab000000, 0x00000000d5580000)
  object space 704512K, 99% used [0x0000000080000000,0x00000000aafed1c0,0x00000000ab000000)
 Metaspace       used 66899K, committed 68480K, reserved 1114112K
  class space    used 6922K, committed 7616K, reserved 1048576K
}

